[debug] [2020-01-02T21:50:24.892Z] ----------------------------------------------------------------------
[debug] [2020-01-02T21:50:24.896Z] Command:       /usr/local/bin/node /usr/local/bin/firebase serve
[debug] [2020-01-02T21:50:24.896Z] CLI Version:   7.11.0
[debug] [2020-01-02T21:50:24.897Z] Platform:      linux
[debug] [2020-01-02T21:50:24.897Z] Node Version:  v10.16.3
[debug] [2020-01-02T21:50:24.897Z] Time:          Thu Jan 02 2020 22:50:24 GMT+0100 (Central European Standard Time)
[debug] [2020-01-02T21:50:24.897Z] ----------------------------------------------------------------------
[debug] [2020-01-02T21:50:24.897Z] 
[debug] [2020-01-02T21:50:24.919Z] > command requires scopes: ["email","openid","https://www.googleapis.com/auth/cloudplatformprojects.readonly","https://www.googleapis.com/auth/firebase","https://www.googleapis.com/auth/cloud-platform"]
[debug] [2020-01-02T21:50:24.919Z] > authorizing via signed-in user
[debug] [2020-01-02T21:50:24.920Z] [iam] checking project words-68f00 for permissions ["firebase.projects.get"]
[debug] [2020-01-02T21:50:24.924Z] > refreshing access token with scopes: ["email","https://www.googleapis.com/auth/cloud-platform","https://www.googleapis.com/auth/cloudplatformprojects.readonly","https://www.googleapis.com/auth/firebase","openid"]
[debug] [2020-01-02T21:50:24.925Z] >>> HTTP REQUEST POST https://www.googleapis.com/oauth2/v3/token  
 <request body omitted>
[debug] [2020-01-02T21:50:25.193Z] <<< HTTP RESPONSE 200
[debug] [2020-01-02T21:50:25.206Z] >>> HTTP REQUEST POST https://cloudresourcemanager.googleapis.com/v1/projects/words-68f00:testIamPermissions  

[debug] [2020-01-02T21:50:26.002Z] <<< HTTP RESPONSE 200
[debug] [2020-01-02T21:50:26.005Z] >>> HTTP REQUEST GET https://firebase.googleapis.com/v1beta1/projects/words-68f00  
 
[debug] [2020-01-02T21:50:26.344Z] <<< HTTP RESPONSE 200
[info] 
[info] === Serving from '/home/roman/Devel/words-frontend'...
[info] 
[debug] [2020-01-02T21:50:26.348Z] >>> HTTP REQUEST GET https://firebase.googleapis.com/v1beta1/projects/words-68f00/webApps/-/config  
 
[debug] [2020-01-02T21:50:27.328Z] <<< HTTP RESPONSE 200
[info] i  hosting: Serving hosting files from: dist/words-frontend
[info] ✔  hosting: Local server: http://localhost:5000
